-------------------------------------------------------------------------------
Test set: com.nobrega.poc.customer.application.component.MockMvcWithSpringBootTest
-------------------------------------------------------------------------------
Tests run: 1, Failures: 0, Errors: 1, Skipped: 0, Time elapsed: 2.743 s <<< FAILURE! - in com.nobrega.poc.customer.application.component.MockMvcWithSpringBootTest
testGetCustomerByUuid  Time elapsed: 0.001 s  <<< ERROR!
java.lang.IllegalStateException: Failed to load ApplicationContext
Caused by: org.springframework.beans.factory.UnsatisfiedDependencyException: Error creating bean with name 'customerController' defined in file [/Users/joaonobrega/development/workspace/poc-customer/target/classes/com/nobrega/poc/customer/application/CustomerController.class]: Unsatisfied dependency expressed through constructor parameter 1; nested exception is org.springframework.beans.factory.NoSuchBeanDefinitionException: No qualifying bean of type 'com.nobrega.poc.customer.domain.CustomerCreatorService' available: expected at least 1 bean which qualifies as autowire candidate. Dependency annotations: {}
Caused by: org.springframework.beans.factory.NoSuchBeanDefinitionException: No qualifying bean of type 'com.nobrega.poc.customer.domain.CustomerCreatorService' available: expected at least 1 bean which qualifies as autowire candidate. Dependency annotations: {}

